1535131858685	geckodriver	INFO	geckodriver 0.21.0
1535131858694	geckodriver	INFO	Listening on 127.0.0.1:42903
1535131859697	mozrunner::runner	INFO	Running command: "/usr/bin/firefox" "-marionette" "-foreground" "-no-remote" "-profile" "/tmp/rust_mozprofile.lKeETzrvucnU"
1535131862352	Marionette	INFO	Listening on port 42949
1535131862417	Marionette	WARN	TLS certificate errors will be ignored for this session
*** UTM:SVC TimerManager:registerTimer called after profile-before-change notification. Ignoring timer registration for id: telemetry_modules_ping
1535131917600	geckodriver	INFO	geckodriver 0.21.0
1535131917605	geckodriver	INFO	Listening on 127.0.0.1:39623
1535131918617	mozrunner::runner	INFO	Running command: "/usr/bin/firefox" "-marionette" "-foreground" "-no-remote" "-profile" "/tmp/rust_mozprofile.9AALtfRbamAx"
1535131920678	Marionette	INFO	Listening on port 41551
1535131920751	Marionette	WARN	TLS certificate errors will be ignored for this session
[Parent 19945, Gecko_IOThread] WARNING: pipe error (74): Conexión reinicializada por la máquina remota: file /build/firefox-oscv9o/firefox-61.0.1+build1/ipc/chromium/src/chrome/common/ipc_channel_posix.cc, line 353
1535132086254	geckodriver	INFO	geckodriver 0.21.0
1535132086259	geckodriver	INFO	Listening on 127.0.0.1:46553
1535132087269	mozrunner::runner	INFO	Running command: "/usr/bin/firefox" "-marionette" "-foreground" "-no-remote" "-profile" "/tmp/rust_mozprofile.0zyBwdSpOhrF"
1535132088880	Marionette	INFO	Listening on port 41249
1535132088997	Marionette	WARN	TLS certificate errors will be ignored for this session
[Parent 20591, Gecko_IOThread] WARNING: pipe error (74): Conexión reinicializada por la máquina remota: file /build/firefox-oscv9o/firefox-61.0.1+build1/ipc/chromium/src/chrome/common/ipc_channel_posix.cc, line 353
1535132554310	geckodriver	INFO	geckodriver 0.21.0
1535132554314	geckodriver	INFO	Listening on 127.0.0.1:33955
1535132555326	mozrunner::runner	INFO	Running command: "/usr/bin/firefox" "-marionette" "-foreground" "-no-remote" "-profile" "/tmp/rust_mozprofile.1ghnVcKMDh68"
1535132556948	Marionette	INFO	Listening on port 39389
1535132557038	Marionette	WARN	TLS certificate errors will be ignored for this session
*** UTM:SVC TimerManager:registerTimer called after profile-before-change notification. Ignoring timer registration for id: telemetry_modules_ping
1535132584846	geckodriver	INFO	geckodriver 0.21.0
1535132584850	geckodriver	INFO	Listening on 127.0.0.1:53903
1535132585864	mozrunner::runner	INFO	Running command: "/usr/bin/firefox" "-marionette" "-foreground" "-no-remote" "-profile" "/tmp/rust_mozprofile.vtRqWbV7rL2e"
1535132587482	Marionette	INFO	Listening on port 37019
1535132587600	Marionette	WARN	TLS certificate errors will be ignored for this session
[Parent 21359, Gecko_IOThread] WARNING: pipe error (74): Conexión reinicializada por la máquina remota: file /build/firefox-oscv9o/firefox-61.0.1+build1/ipc/chromium/src/chrome/common/ipc_channel_posix.cc, line 353
*** UTM:SVC TimerManager:registerTimer called after profile-before-change notification. Ignoring timer registration for id: telemetry_modules_ping
1535132646407	geckodriver	INFO	geckodriver 0.21.0
1535132646411	geckodriver	INFO	Listening on 127.0.0.1:58607
1535132647422	mozrunner::runner	INFO	Running command: "/usr/bin/firefox" "-marionette" "-foreground" "-no-remote" "-profile" "/tmp/rust_mozprofile.4R2mrhCbjsb3"
1535132649020	Marionette	INFO	Listening on port 43383
1535132649039	Marionette	WARN	TLS certificate errors will be ignored for this session
*** UTM:SVC TimerManager:registerTimer called after profile-before-change notification. Ignoring timer registration for id: telemetry_modules_ping
1535132705246	geckodriver	INFO	geckodriver 0.21.0
1535132705250	geckodriver	INFO	Listening on 127.0.0.1:59469
1535132706260	mozrunner::runner	INFO	Running command: "/usr/bin/firefox" "-marionette" "-foreground" "-no-remote" "-profile" "/tmp/rust_mozprofile.IdTXD77WbQCO"
1535132707903	Marionette	INFO	Listening on port 37147
1535132707978	Marionette	WARN	TLS certificate errors will be ignored for this session
1535132736990	geckodriver	INFO	geckodriver 0.21.0
1535132737006	geckodriver	INFO	Listening on 127.0.0.1:50457
1535132738006	mozrunner::runner	INFO	Running command: "/usr/bin/firefox" "-marionette" "-foreground" "-no-remote" "-profile" "/tmp/rust_mozprofile.UA1fK1OCtcRf"
1535132739681	Marionette	INFO	Listening on port 35239
1535132739719	Marionette	WARN	TLS certificate errors will be ignored for this session
[Parent 21849, Gecko_IOThread] WARNING: pipe error (76): Conexión reinicializada por la máquina remota: file /build/firefox-oscv9o/firefox-61.0.1+build1/ipc/chromium/src/chrome/common/ipc_channel_posix.cc, line 353
1535132858166	geckodriver	INFO	geckodriver 0.21.0
1535132858170	geckodriver	INFO	Listening on 127.0.0.1:43845
1535132859182	mozrunner::runner	INFO	Running command: "/usr/bin/firefox" "-marionette" "-foreground" "-no-remote" "-profile" "/tmp/rust_mozprofile.7q8Fik5gB8yP"
1535132860847	Marionette	INFO	Listening on port 36145
1535132860890	Marionette	WARN	TLS certificate errors will be ignored for this session
1535132895832	geckodriver	INFO	geckodriver 0.21.0
1535132895836	geckodriver	INFO	Listening on 127.0.0.1:58237
1535132896847	mozrunner::runner	INFO	Running command: "/usr/bin/firefox" "-marionette" "-foreground" "-no-remote" "-profile" "/tmp/rust_mozprofile.jl3OBo0hgOGh"
1535132898496	Marionette	INFO	Listening on port 38035
1535132898568	Marionette	WARN	TLS certificate errors will be ignored for this session
[Parent 22408, Gecko_IOThread] WARNING: pipe error (74): Conexión reinicializada por la máquina remota: file /build/firefox-oscv9o/firefox-61.0.1+build1/ipc/chromium/src/chrome/common/ipc_channel_posix.cc, line 353
[Parent 22651, Gecko_IOThread] WARNING: pipe error (74): Conexión reinicializada por la máquina remota: file /build/firefox-oscv9o/firefox-61.0.1+build1/ipc/chromium/src/chrome/common/ipc_channel_posix.cc, line 353
1535133071076	geckodriver	INFO	geckodriver 0.21.0
1535133071079	geckodriver	INFO	Listening on 127.0.0.1:49065
1535133072091	mozrunner::runner	INFO	Running command: "/usr/bin/firefox" "-marionette" "-foreground" "-no-remote" "-profile" "/tmp/rust_mozprofile.vOyHykNc51Q5"
1535133073805	Marionette	INFO	Listening on port 35615
1535133073905	Marionette	WARN	TLS certificate errors will be ignored for this session
1535133176554	geckodriver	INFO	geckodriver 0.21.0
1535133176558	geckodriver	INFO	Listening on 127.0.0.1:54047
1535133177567	mozrunner::runner	INFO	Running command: "/usr/bin/firefox" "-marionette" "-foreground" "-no-remote" "-profile" "/tmp/rust_mozprofile.nvkZlILZeqGY"
1535133179172	Marionette	INFO	Listening on port 40085
1535133179179	Marionette	WARN	TLS certificate errors will be ignored for this session
1535133226607	geckodriver	INFO	geckodriver 0.21.0
1535133226611	geckodriver	INFO	Listening on 127.0.0.1:49649
1535133227620	mozrunner::runner	INFO	Running command: "/usr/bin/firefox" "-marionette" "-foreground" "-no-remote" "-profile" "/tmp/rust_mozprofile.Q2sWFPcCjJEO"
1535133229241	Marionette	INFO	Listening on port 32941
1535133229369	Marionette	WARN	TLS certificate errors will be ignored for this session
[Parent 23300, Gecko_IOThread] WARNING: pipe error (74): Conexión reinicializada por la máquina remota: file /build/firefox-oscv9o/firefox-61.0.1+build1/ipc/chromium/src/chrome/common/ipc_channel_posix.cc, line 353
*** UTM:SVC TimerManager:registerTimer called after profile-before-change notification. Ignoring timer registration for id: telemetry_modules_ping
1535133260459	geckodriver	INFO	geckodriver 0.21.0
1535133260463	geckodriver	INFO	Listening on 127.0.0.1:52101
1535133261469	mozrunner::runner	INFO	Running command: "/usr/bin/firefox" "-marionette" "-foreground" "-no-remote" "-profile" "/tmp/rust_mozprofile.8GopOhWq1fy0"
1535133263394	Marionette	INFO	Listening on port 40193
1535133263537	Marionette	WARN	TLS certificate errors will be ignored for this session
1535133263599	addons.xpi	WARN	Exception running bootstrap method shutdown on activity-stream@mozilla.org: [Exception... "Component returned failure code: 0x80004005 (NS_ERROR_FAILURE) [nsIObserverService.removeObserver]"  nsresult: "0x80004005 (NS_ERROR_FAILURE)"  location: "JS frame :: resource://activity-stream/lib/TelemetryFeed.jsm :: uninit :: line 493"  data: no] Stack trace: uninit()@resource://activity-stream/lib/TelemetryFeed.jsm:493
onAction()@resource://activity-stream/lib/TelemetryFeed.jsm:451
_middleware/</<()@resource://activity-stream/lib/Store.jsm:51
Store/this[method]()@resource://activity-stream/lib/Store.jsm:29
uninit()@resource://activity-stream/lib/Store.jsm:170
uninit()@resource://activity-stream/lib/ActivityStream.jsm:318
uninit()@resource://gre/modules/addons/XPIProvider.jsm -> jar:file:///usr/lib/firefox/browser/features/activity-stream@mozilla.org.xpi!/bootstrap.js:79
shutdown()@resource://gre/modules/addons/XPIProvider.jsm -> jar:file:///usr/lib/firefox/browser/features/activity-stream@mozilla.org.xpi!/bootstrap.js:187
callBootstrapMethod()@resource://gre/modules/addons/XPIProvider.jsm:2757
observe()@resource://gre/modules/addons/XPIProvider.jsm:1672
1535133263608	Marionette	DEBUG	Register listener.js for window 2147483649
1535133263617	Marionette	ERROR	No reply from Marionette:Register
JavaScript error: chrome://marionette/content/listener.js, line 464: TypeError: reply[0] is undefined
JavaScript error: resource:///modules/SavantShieldStudy.jsm, line 171: TypeError: this.addonListener is undefined
*** UTM:SVC TimerManager:registerTimer called after profile-before-change notification. Ignoring timer registration for id: telemetry_modules_ping
[Parent 23549, Gecko_IOThread] WARNING: pipe error (74): Conexión reinicializada por la máquina remota: file /build/firefox-oscv9o/firefox-61.0.1+build1/ipc/chromium/src/chrome/common/ipc_channel_posix.cc, line 353
*** UTM:SVC TimerManager:registerTimer called after profile-before-change notification. Ignoring timer registration for id: telemetry_modules_ping
1535133270404	geckodriver	INFO	geckodriver 0.21.0
1535133270408	geckodriver	INFO	Listening on 127.0.0.1:54869
1535133271414	mozrunner::runner	INFO	Running command: "/usr/bin/firefox" "-marionette" "-foreground" "-no-remote" "-profile" "/tmp/rust_mozprofile.ulEzHacHPUp9"
1535133273001	Marionette	INFO	Listening on port 46037
1535133273024	Marionette	WARN	TLS certificate errors will be ignored for this session
1535133565171	geckodriver	INFO	geckodriver 0.21.0
1535133565175	geckodriver	INFO	Listening on 127.0.0.1:50265
1535133566188	mozrunner::runner	INFO	Running command: "/usr/bin/firefox" "-marionette" "-foreground" "-no-remote" "-profile" "/tmp/rust_mozprofile.Uhv7icg5qTwT"
1535133568008	Marionette	INFO	Listening on port 38337
1535133568100	Marionette	WARN	TLS certificate errors will be ignored for this session
*** UTM:SVC TimerManager:registerTimer called after profile-before-change notification. Ignoring timer registration for id: telemetry_modules_ping
1535133597133	geckodriver	INFO	geckodriver 0.21.0
1535133597137	geckodriver	INFO	Listening on 127.0.0.1:53527
1535133598146	mozrunner::runner	INFO	Running command: "/usr/bin/firefox" "-marionette" "-foreground" "-no-remote" "-profile" "/tmp/rust_mozprofile.yla3gNZwy4zA"
1535133599822	Marionette	INFO	Listening on port 37057
1535133599871	Marionette	WARN	TLS certificate errors will be ignored for this session
[Parent 23982, Gecko_IOThread] WARNING: pipe error (74): Conexión reinicializada por la máquina remota: file /build/firefox-oscv9o/firefox-61.0.1+build1/ipc/chromium/src/chrome/common/ipc_channel_posix.cc, line 353
[Parent 24731, Gecko_IOThread] WARNING: pipe error (70): Conexión reinicializada por la máquina remota: file /build/firefox-oscv9o/firefox-61.0.1+build1/ipc/chromium/src/chrome/common/ipc_channel_posix.cc, line 353
*** UTM:SVC TimerManager:registerTimer called after profile-before-change notification. Ignoring timer registration for id: telemetry_modules_ping
1535133633424	geckodriver	INFO	geckodriver 0.21.0
1535133633427	geckodriver	INFO	Listening on 127.0.0.1:51541
1535133634439	mozrunner::runner	INFO	Running command: "/usr/bin/firefox" "-marionette" "-foreground" "-no-remote" "-profile" "/tmp/rust_mozprofile.AunjZAd572NA"
1535133636082	Marionette	INFO	Listening on port 33723
1535133636181	Marionette	WARN	TLS certificate errors will be ignored for this session
[Parent 24987, Gecko_IOThread] WARNING: pipe error (74): Conexión reinicializada por la máquina remota: file /build/firefox-oscv9o/firefox-61.0.1+build1/ipc/chromium/src/chrome/common/ipc_channel_posix.cc, line 353
*** UTM:SVC TimerManager:registerTimer called after profile-before-change notification. Ignoring timer registration for id: telemetry_modules_ping
1535133663851	geckodriver	INFO	geckodriver 0.21.0
1535133663854	geckodriver	INFO	Listening on 127.0.0.1:41263
1535133664864	mozrunner::runner	INFO	Running command: "/usr/bin/firefox" "-marionette" "-foreground" "-no-remote" "-profile" "/tmp/rust_mozprofile.2YgYeInGK50n"
1535133666430	Marionette	INFO	Listening on port 41699
1535133666472	Marionette	WARN	TLS certificate errors will be ignored for this session
JavaScript error: resource://gre/modules/WebNavigationFrames.jsm, line 57: TypeError: window is null
JavaScript error: moz-extension://525bb1e2-d2c2-4da6-b44a-500104422b16/selector/ui.js, line 74: TypeError: doc.body is null
1535133841960	geckodriver	INFO	geckodriver 0.21.0
1535133841964	geckodriver	INFO	Listening on 127.0.0.1:57507
1535133842978	mozrunner::runner	INFO	Running command: "/usr/bin/firefox" "-marionette" "-foreground" "-no-remote" "-profile" "/tmp/rust_mozprofile.vqCzNcfurbjH"
1535133844739	Marionette	INFO	Listening on port 34829
1535133844810	Marionette	WARN	TLS certificate errors will be ignored for this session
1535133898591	geckodriver	INFO	geckodriver 0.21.0
1535133898595	geckodriver	INFO	Listening on 127.0.0.1:40743
1535133899610	mozrunner::runner	INFO	Running command: "/usr/bin/firefox" "-marionette" "-foreground" "-no-remote" "-profile" "/tmp/rust_mozprofile.Kya7qUY5VTU0"
1535133901321	Marionette	INFO	Listening on port 39155
1535133901449	Marionette	WARN	TLS certificate errors will be ignored for this session
JavaScript error: https://rfs.siat.sat.gob.mx/PTSC/RFS/menu/resources/js/jquery.iframe-auto-height.plugin.js, line 77: TypeError: $iframeBody[0] is undefined
[Parent 25877, Gecko_IOThread] WARNING: pipe error (74): Conexión reinicializada por la máquina remota: file /build/firefox-oscv9o/firefox-61.0.1+build1/ipc/chromium/src/chrome/common/ipc_channel_posix.cc, line 353
*** UTM:SVC TimerManager:registerTimer called after profile-before-change notification. Ignoring timer registration for id: telemetry_modules_ping
1535133953253	geckodriver	INFO	geckodriver 0.21.0
1535133953257	geckodriver	INFO	Listening on 127.0.0.1:48295
1535133954267	mozrunner::runner	INFO	Running command: "/usr/bin/firefox" "-marionette" "-foreground" "-no-remote" "-profile" "/tmp/rust_mozprofile.GsW4YMw7G8cN"
1535133955950	Marionette	INFO	Listening on port 45587
1535133956005	Marionette	WARN	TLS certificate errors will be ignored for this session
*** UTM:SVC TimerManager:registerTimer called after profile-before-change notification. Ignoring timer registration for id: telemetry_modules_ping
1535133987088	geckodriver	INFO	geckodriver 0.21.0
1535133987092	geckodriver	INFO	Listening on 127.0.0.1:52265
1535133988104	mozrunner::runner	INFO	Running command: "/usr/bin/firefox" "-marionette" "-foreground" "-no-remote" "-profile" "/tmp/rust_mozprofile.4SZbi9Mu5SBN"
1535133989776	Marionette	INFO	Listening on port 42657
1535133989832	Marionette	WARN	TLS certificate errors will be ignored for this session
[Parent 26408, Gecko_IOThread] WARNING: pipe error (76): Conexión reinicializada por la máquina remota: file /build/firefox-oscv9o/firefox-61.0.1+build1/ipc/chromium/src/chrome/common/ipc_channel_posix.cc, line 353
*** UTM:SVC TimerManager:registerTimer called after profile-before-change notification. Ignoring timer registration for id: telemetry_modules_ping
1535134243797	geckodriver	INFO	geckodriver 0.21.0
1535134243802	geckodriver	INFO	Listening on 127.0.0.1:48587
1535134244807	mozrunner::runner	INFO	Running command: "/usr/bin/firefox" "-marionette" "-foreground" "-no-remote" "-profile" "/tmp/rust_mozprofile.1DWySiAWO8uL"
1535134246528	Marionette	INFO	Listening on port 43251
1535134246662	Marionette	WARN	TLS certificate errors will be ignored for this session
1535134264513	geckodriver	INFO	geckodriver 0.21.0
1535134264517	geckodriver	INFO	Listening on 127.0.0.1:49525
1535134265523	mozrunner::runner	INFO	Running command: "/usr/bin/firefox" "-marionette" "-foreground" "-no-remote" "-profile" "/tmp/rust_mozprofile.EU0NeXIChVB6"
1535134267125	Marionette	INFO	Listening on port 35087
1535134267134	Marionette	WARN	TLS certificate errors will be ignored for this session
1535134299780	geckodriver	INFO	geckodriver 0.21.0
1535134299785	geckodriver	INFO	Listening on 127.0.0.1:47535
1535134300793	mozrunner::runner	INFO	Running command: "/usr/bin/firefox" "-marionette" "-foreground" "-no-remote" "-profile" "/tmp/rust_mozprofile.C7er0JpRppei"
1535134302442	Marionette	INFO	Listening on port 40079
1535134302524	Marionette	WARN	TLS certificate errors will be ignored for this session
1535134333703	geckodriver	INFO	geckodriver 0.21.0
1535134333709	geckodriver	INFO	Listening on 127.0.0.1:40537
1535134334716	mozrunner::runner	INFO	Running command: "/usr/bin/firefox" "-marionette" "-foreground" "-no-remote" "-profile" "/tmp/rust_mozprofile.ycelzSfPJ3Ba"
1535134336544	Marionette	INFO	Listening on port 41663
1535134336662	Marionette	WARN	TLS certificate errors will be ignored for this session
[Parent 27488, Gecko_IOThread] WARNING: pipe error (67): Conexión reinicializada por la máquina remota: file /build/firefox-oscv9o/firefox-61.0.1+build1/ipc/chromium/src/chrome/common/ipc_channel_posix.cc, line 353
*** UTM:SVC TimerManager:registerTimer called after profile-before-change notification. Ignoring timer registration for id: telemetry_modules_ping
[Parent 27009, Gecko_IOThread] WARNING: pipe error (76): Conexión reinicializada por la máquina remota: file /build/firefox-oscv9o/firefox-61.0.1+build1/ipc/chromium/src/chrome/common/ipc_channel_posix.cc, line 353
[Parent 26781, Gecko_IOThread] WARNING: pipe error (76): Conexión reinicializada por la máquina remota: file /build/firefox-oscv9o/firefox-61.0.1+build1/ipc/chromium/src/chrome/common/ipc_channel_posix.cc, line 353
1535134848020	geckodriver	INFO	geckodriver 0.21.0
1535134848024	geckodriver	INFO	Listening on 127.0.0.1:54789
1535134848028	mozrunner::runner	INFO	Running command: "/usr/bin/firefox" "-marionette" "-foreground" "-no-remote" "-profile" "/tmp/rust_mozprofile.vQdeKx1rokgG"
1535134849811	Marionette	INFO	Listening on port 43265
1535134849847	Marionette	WARN	TLS certificate errors will be ignored for this session
[Child 28202, Chrome_ChildThread] WARNING: pipe error (3): Conexión reinicializada por la máquina remota: file /build/firefox-oscv9o/firefox-61.0.1+build1/ipc/chromium/src/chrome/common/ipc_channel_posix.cc, line 353
[Parent 28115, Gecko_IOThread] WARNING: pipe error (94): Conexión reinicializada por la máquina remota: file /build/firefox-oscv9o/firefox-61.0.1+build1/ipc/chromium/src/chrome/common/ipc_channel_posix.cc, line 353
[Parent 28115, Gecko_IOThread] WARNING: pipe error (74): Conexión reinicializada por la máquina remota: file /build/firefox-oscv9o/firefox-61.0.1+build1/ipc/chromium/src/chrome/common/ipc_channel_posix.cc, line 353
*** UTM:SVC TimerManager:registerTimer called after profile-before-change notification. Ignoring timer registration for id: telemetry_modules_ping
1535134876333	geckodriver	INFO	geckodriver 0.21.0
1535134876338	geckodriver	INFO	Listening on 127.0.0.1:54745
1535134877348	mozrunner::runner	INFO	Running command: "/usr/bin/firefox" "-marionette" "-foreground" "-no-remote" "-profile" "/tmp/rust_mozprofile.e1dN3nkbbYmG"
1535134878936	Marionette	INFO	Listening on port 46313
1535134878973	Marionette	WARN	TLS certificate errors will be ignored for this session
*** UTM:SVC TimerManager:registerTimer called after profile-before-change notification. Ignoring timer registration for id: telemetry_modules_ping
1535134934517	geckodriver	INFO	geckodriver 0.21.0
1535134934521	geckodriver	INFO	Listening on 127.0.0.1:48715
1535134935534	mozrunner::runner	INFO	Running command: "/usr/bin/firefox" "-marionette" "-foreground" "-no-remote" "-profile" "/tmp/rust_mozprofile.G36QZHPbhBuM"
1535134937302	Marionette	INFO	Listening on port 46355
1535134937354	Marionette	WARN	TLS certificate errors will be ignored for this session
*** UTM:SVC TimerManager:registerTimer called after profile-before-change notification. Ignoring timer registration for id: telemetry_modules_ping
1535135007546	geckodriver	INFO	geckodriver 0.21.0
1535135007550	geckodriver	INFO	Listening on 127.0.0.1:42247
1535135008561	mozrunner::runner	INFO	Running command: "/usr/bin/firefox" "-marionette" "-foreground" "-no-remote" "-profile" "/tmp/rust_mozprofile.aatqsVy4Rsri"
1535135010188	Marionette	INFO	Listening on port 40327
1535135010315	Marionette	WARN	TLS certificate errors will be ignored for this session
*** UTM:SVC TimerManager:registerTimer called after profile-before-change notification. Ignoring timer registration for id: telemetry_modules_ping
1535135026997	geckodriver	INFO	geckodriver 0.21.0
1535135027000	geckodriver	INFO	Listening on 127.0.0.1:42931
1535135028016	mozrunner::runner	INFO	Running command: "/usr/bin/firefox" "-marionette" "-foreground" "-no-remote" "-profile" "/tmp/rust_mozprofile.shLETUdp9cux"
1535135029874	Marionette	INFO	Listening on port 40385
1535135029932	Marionette	WARN	TLS certificate errors will be ignored for this session
*** UTM:SVC TimerManager:registerTimer called after profile-before-change notification. Ignoring timer registration for id: telemetry_modules_ping
1535135141908	geckodriver	INFO	geckodriver 0.21.0
1535135141911	geckodriver	INFO	Listening on 127.0.0.1:47387
1535135142919	mozrunner::runner	INFO	Running command: "/usr/bin/firefox" "-marionette" "-foreground" "-no-remote" "-profile" "/tmp/rust_mozprofile.tGCsNyleqrlB"
1535135144555	Marionette	INFO	Listening on port 40261
1535135144664	Marionette	WARN	TLS certificate errors will be ignored for this session
*** UTM:SVC TimerManager:registerTimer called after profile-before-change notification. Ignoring timer registration for id: telemetry_modules_ping
1535135218506	geckodriver	INFO	geckodriver 0.21.0
1535135218509	geckodriver	INFO	Listening on 127.0.0.1:60849
1535135219523	mozrunner::runner	INFO	Running command: "/usr/bin/firefox" "-marionette" "-foreground" "-no-remote" "-profile" "/tmp/rust_mozprofile.Go9YDagp7mJX"
1535135221168	Marionette	INFO	Listening on port 33397
1535135221239	Marionette	WARN	TLS certificate errors will be ignored for this session
[Parent 29596, Gecko_IOThread] WARNING: pipe error (74): Conexión reinicializada por la máquina remota: file /build/firefox-oscv9o/firefox-61.0.1+build1/ipc/chromium/src/chrome/common/ipc_channel_posix.cc, line 353
*** UTM:SVC TimerManager:registerTimer called after profile-before-change notification. Ignoring timer registration for id: telemetry_modules_ping
1535135295771	geckodriver	INFO	geckodriver 0.21.0
1535135295774	geckodriver	INFO	Listening on 127.0.0.1:59197
1535135296787	mozrunner::runner	INFO	Running command: "/usr/bin/firefox" "-marionette" "-foreground" "-no-remote" "-profile" "/tmp/rust_mozprofile.v3gEr0dDmM2H"
1535135298524	Marionette	INFO	Listening on port 33095
1535135298611	Marionette	WARN	TLS certificate errors will be ignored for this session
*** UTM:SVC TimerManager:registerTimer called after profile-before-change notification. Ignoring timer registration for id: telemetry_modules_ping
1535135314087	geckodriver	INFO	geckodriver 0.21.0
1535135314091	geckodriver	INFO	Listening on 127.0.0.1:37961
1535135315104	mozrunner::runner	INFO	Running command: "/usr/bin/firefox" "-marionette" "-foreground" "-no-remote" "-profile" "/tmp/rust_mozprofile.2XnsFamssntQ"
1535135316765	Marionette	INFO	Listening on port 35053
1535135316823	Marionette	WARN	TLS certificate errors will be ignored for this session
*** UTM:SVC TimerManager:registerTimer called after profile-before-change notification. Ignoring timer registration for id: telemetry_modules_ping
1535135331167	geckodriver	INFO	geckodriver 0.21.0
1535135331170	geckodriver	INFO	Listening on 127.0.0.1:41789
1535135332184	mozrunner::runner	INFO	Running command: "/usr/bin/firefox" "-marionette" "-foreground" "-no-remote" "-profile" "/tmp/rust_mozprofile.szb6x39StU2M"
1535135333779	Marionette	INFO	Listening on port 43103
1535135333804	Marionette	WARN	TLS certificate errors will be ignored for this session
[Parent 30329, Gecko_IOThread] WARNING: pipe error (74): Conexión reinicializada por la máquina remota: file /build/firefox-oscv9o/firefox-61.0.1+build1/ipc/chromium/src/chrome/common/ipc_channel_posix.cc, line 353
*** UTM:SVC TimerManager:registerTimer called after profile-before-change notification. Ignoring timer registration for id: telemetry_modules_ping
1535135481716	geckodriver	INFO	geckodriver 0.21.0
1535135481720	geckodriver	INFO	Listening on 127.0.0.1:35931
1535135482725	mozrunner::runner	INFO	Running command: "/usr/bin/firefox" "-marionette" "-foreground" "-no-remote" "-profile" "/tmp/rust_mozprofile.4A76AZitY3db"
1535135484364	Marionette	INFO	Listening on port 46039
1535135484451	Marionette	WARN	TLS certificate errors will be ignored for this session
*** UTM:SVC TimerManager:registerTimer called after profile-before-change notification. Ignoring timer registration for id: telemetry_modules_ping
1535135531648	geckodriver	INFO	geckodriver 0.21.0
1535135531653	geckodriver	INFO	Listening on 127.0.0.1:45693
1535135532659	mozrunner::runner	INFO	Running command: "/usr/bin/firefox" "-marionette" "-foreground" "-no-remote" "-profile" "/tmp/rust_mozprofile.wpi9LODbH6YV"
1535135534398	Marionette	INFO	Listening on port 46123
1535135534472	Marionette	WARN	TLS certificate errors will be ignored for this session
*** UTM:SVC TimerManager:registerTimer called after profile-before-change notification. Ignoring timer registration for id: telemetry_modules_ping
1535135548947	geckodriver	INFO	geckodriver 0.21.0
1535135548951	geckodriver	INFO	Listening on 127.0.0.1:54473
1535135549964	mozrunner::runner	INFO	Running command: "/usr/bin/firefox" "-marionette" "-foreground" "-no-remote" "-profile" "/tmp/rust_mozprofile.ZF8SuFiRZojh"
1535135551707	Marionette	INFO	Listening on port 42125
1535135551777	Marionette	WARN	TLS certificate errors will be ignored for this session
*** UTM:SVC TimerManager:registerTimer called after profile-before-change notification. Ignoring timer registration for id: telemetry_modules_ping
1535135591381	geckodriver	INFO	geckodriver 0.21.0
1535135591385	geckodriver	INFO	Listening on 127.0.0.1:57201
1535135592398	mozrunner::runner	INFO	Running command: "/usr/bin/firefox" "-marionette" "-foreground" "-no-remote" "-profile" "/tmp/rust_mozprofile.gxmreHynhbUz"
1535135594175	Marionette	INFO	Listening on port 36275
1535135594214	Marionette	WARN	TLS certificate errors will be ignored for this session
*** UTM:SVC TimerManager:registerTimer called after profile-before-change notification. Ignoring timer registration for id: telemetry_modules_ping
1535135621089	geckodriver	INFO	geckodriver 0.21.0
1535135621094	geckodriver	INFO	Listening on 127.0.0.1:33099
1535135622102	mozrunner::runner	INFO	Running command: "/usr/bin/firefox" "-marionette" "-foreground" "-no-remote" "-profile" "/tmp/rust_mozprofile.QjNgGW4eX8fg"
1535135623799	Marionette	INFO	Listening on port 34429
1535135623816	Marionette	WARN	TLS certificate errors will be ignored for this session
*** UTM:SVC TimerManager:registerTimer called after profile-before-change notification. Ignoring timer registration for id: telemetry_modules_ping
1535136668410	geckodriver	INFO	geckodriver 0.21.0
1535136668413	geckodriver	INFO	Listening on 127.0.0.1:57547
1535136669421	mozrunner::runner	INFO	Running command: "/usr/bin/firefox" "-marionette" "-foreground" "-no-remote" "-profile" "/tmp/rust_mozprofile.FG89PJ7Hfsmm"
1535136671034	Marionette	INFO	Listening on port 35253
1535136671181	Marionette	WARN	TLS certificate errors will be ignored for this session
*** UTM:SVC TimerManager:registerTimer called after profile-before-change notification. Ignoring timer registration for id: telemetry_modules_ping
1535137822695	geckodriver	INFO	geckodriver 0.21.0
1535137822705	geckodriver	INFO	Listening on 127.0.0.1:35055
1535137823716	mozrunner::runner	INFO	Running command: "/usr/bin/firefox" "-marionette" "-foreground" "-no-remote" "-profile" "/tmp/rust_mozprofile.kJVg2uGlfHT5"
1535137825893	Marionette	INFO	Listening on port 35715
1535137825954	Marionette	WARN	TLS certificate errors will be ignored for this session
*** UTM:SVC TimerManager:registerTimer called after profile-before-change notification. Ignoring timer registration for id: telemetry_modules_ping
1535137873781	geckodriver	INFO	geckodriver 0.21.0
1535137873785	geckodriver	INFO	Listening on 127.0.0.1:58669
1535137874792	mozrunner::runner	INFO	Running command: "/usr/bin/firefox" "-marionette" "-foreground" "-no-remote" "-profile" "/tmp/rust_mozprofile.FJHMFkE3yz6L"
1535137876838	Marionette	INFO	Listening on port 33839
1535137876933	Marionette	WARN	TLS certificate errors will be ignored for this session
*** UTM:SVC TimerManager:registerTimer called after profile-before-change notification. Ignoring timer registration for id: telemetry_modules_ping
1535138030622	geckodriver	INFO	geckodriver 0.21.0
1535138030626	geckodriver	INFO	Listening on 127.0.0.1:33343
1535138031637	mozrunner::runner	INFO	Running command: "/usr/bin/firefox" "-marionette" "-foreground" "-no-remote" "-profile" "/tmp/rust_mozprofile.X3UF5cOMoXLb"
1535138033299	Marionette	INFO	Listening on port 41655
1535138033360	Marionette	WARN	TLS certificate errors will be ignored for this session
[Parent 1205, Gecko_IOThread] WARNING: pipe error (74): Conexión reinicializada por la máquina remota: file /build/firefox-oscv9o/firefox-61.0.1+build1/ipc/chromium/src/chrome/common/ipc_channel_posix.cc, line 353
*** UTM:SVC TimerManager:registerTimer called after profile-before-change notification. Ignoring timer registration for id: telemetry_modules_ping
1535138064863	geckodriver	INFO	geckodriver 0.21.0
1535138064870	geckodriver	INFO	Listening on 127.0.0.1:39113
1535138065883	mozrunner::runner	INFO	Running command: "/usr/bin/firefox" "-marionette" "-foreground" "-no-remote" "-profile" "/tmp/rust_mozprofile.vdKSMhpjTik7"
1535138067905	Marionette	INFO	Listening on port 34171
1535138068046	Marionette	WARN	TLS certificate errors will be ignored for this session
*** UTM:SVC TimerManager:registerTimer called after profile-before-change notification. Ignoring timer registration for id: telemetry_modules_ping
1535138135633	geckodriver	INFO	geckodriver 0.21.0
1535138135636	geckodriver	INFO	Listening on 127.0.0.1:37565
1535138136650	mozrunner::runner	INFO	Running command: "/usr/bin/firefox" "-marionette" "-foreground" "-no-remote" "-profile" "/tmp/rust_mozprofile.1CwTLfnZsN4z"
1535138138324	Marionette	INFO	Listening on port 39965
1535138138362	Marionette	WARN	TLS certificate errors will be ignored for this session
1535138281232	geckodriver	INFO	geckodriver 0.21.0
1535138281256	geckodriver	INFO	Listening on 127.0.0.1:37797
1535138282231	mozrunner::runner	INFO	Running command: "/usr/bin/firefox" "-marionette" "-foreground" "-no-remote" "-profile" "/tmp/rust_mozprofile.4yc5P4tsA254"
1535138283977	Marionette	INFO	Listening on port 38283
1535138284058	Marionette	WARN	TLS certificate errors will be ignored for this session
*** UTM:SVC TimerManager:registerTimer called after profile-before-change notification. Ignoring timer registration for id: telemetry_modules_ping
1535138312479	geckodriver	INFO	geckodriver 0.21.0
1535138312487	geckodriver	INFO	Listening on 127.0.0.1:48253
1535138313496	mozrunner::runner	INFO	Running command: "/usr/bin/firefox" "-marionette" "-foreground" "-no-remote" "-profile" "/tmp/rust_mozprofile.hK2XgI9U3G2K"
1535138315180	Marionette	INFO	Listening on port 39007
1535138315227	Marionette	WARN	TLS certificate errors will be ignored for this session
*** UTM:SVC TimerManager:registerTimer called after profile-before-change notification. Ignoring timer registration for id: telemetry_modules_ping
[Parent 1872, Gecko_IOThread] WARNING: pipe error (74): Conexión reinicializada por la máquina remota: file /build/firefox-oscv9o/firefox-61.0.1+build1/ipc/chromium/src/chrome/common/ipc_channel_posix.cc, line 353
1535138367938	geckodriver	INFO	geckodriver 0.21.0
1535138367948	geckodriver	INFO	Listening on 127.0.0.1:41775
1535138368960	mozrunner::runner	INFO	Running command: "/usr/bin/firefox" "-marionette" "-foreground" "-no-remote" "-profile" "/tmp/rust_mozprofile.nzfUc357btT2"
1535138371098	Marionette	INFO	Listening on port 34051
1535138371173	Marionette	WARN	TLS certificate errors will be ignored for this session
*** UTM:SVC TimerManager:registerTimer called after profile-before-change notification. Ignoring timer registration for id: telemetry_modules_ping
1535138420549	geckodriver	INFO	geckodriver 0.21.0
1535138420553	geckodriver	INFO	Listening on 127.0.0.1:48027
1535138421564	mozrunner::runner	INFO	Running command: "/usr/bin/firefox" "-marionette" "-foreground" "-no-remote" "-profile" "/tmp/rust_mozprofile.mGQmU3z1TtKa"
1535138423213	Marionette	INFO	Listening on port 37159
1535138423272	Marionette	WARN	TLS certificate errors will be ignored for this session
*** UTM:SVC TimerManager:registerTimer called after profile-before-change notification. Ignoring timer registration for id: telemetry_modules_ping
1535138456015	geckodriver	INFO	geckodriver 0.21.0
1535138456019	geckodriver	INFO	Listening on 127.0.0.1:40207
1535138457031	mozrunner::runner	INFO	Running command: "/usr/bin/firefox" "-marionette" "-foreground" "-no-remote" "-profile" "/tmp/rust_mozprofile.KW9ekolhT9L3"
1535138458658	Marionette	INFO	Listening on port 40039
1535138458786	Marionette	WARN	TLS certificate errors will be ignored for this session
*** UTM:SVC TimerManager:registerTimer called after profile-before-change notification. Ignoring timer registration for id: telemetry_modules_ping
1535138478047	geckodriver	INFO	geckodriver 0.21.0
1535138478052	geckodriver	INFO	Listening on 127.0.0.1:44023
1535138479063	mozrunner::runner	INFO	Running command: "/usr/bin/firefox" "-marionette" "-foreground" "-no-remote" "-profile" "/tmp/rust_mozprofile.kZZaaJf5aBpw"
1535138480666	Marionette	INFO	Listening on port 43763
1535138480674	Marionette	WARN	TLS certificate errors will be ignored for this session
*** UTM:SVC TimerManager:registerTimer called after profile-before-change notification. Ignoring timer registration for id: telemetry_modules_ping
1535138505866	geckodriver	INFO	geckodriver 0.21.0
1535138505870	geckodriver	INFO	Listening on 127.0.0.1:41517
1535138506882	mozrunner::runner	INFO	Running command: "/usr/bin/firefox" "-marionette" "-foreground" "-no-remote" "-profile" "/tmp/rust_mozprofile.VqX29qK8TdSE"
1535138508502	Marionette	INFO	Listening on port 33957
1535138508593	Marionette	WARN	TLS certificate errors will be ignored for this session
*** UTM:SVC TimerManager:registerTimer called after profile-before-change notification. Ignoring timer registration for id: telemetry_modules_ping
1535138547696	geckodriver	INFO	geckodriver 0.21.0
1535138547699	geckodriver	INFO	Listening on 127.0.0.1:38513
1535138548712	mozrunner::runner	INFO	Running command: "/usr/bin/firefox" "-marionette" "-foreground" "-no-remote" "-profile" "/tmp/rust_mozprofile.8o5QEg54RMaF"
1535138550796	Marionette	INFO	Listening on port 36683
1535138550841	Marionette	WARN	TLS certificate errors will be ignored for this session
*** UTM:SVC TimerManager:registerTimer called after profile-before-change notification. Ignoring timer registration for id: telemetry_modules_ping
1535138574171	geckodriver	INFO	geckodriver 0.21.0
1535138574175	geckodriver	INFO	Listening on 127.0.0.1:33765
1535138575190	mozrunner::runner	INFO	Running command: "/usr/bin/firefox" "-marionette" "-foreground" "-no-remote" "-profile" "/tmp/rust_mozprofile.IydroVBVzoUT"
1535138577238	Marionette	INFO	Listening on port 37753
1535138577319	Marionette	WARN	TLS certificate errors will be ignored for this session
*** UTM:SVC TimerManager:registerTimer called after profile-before-change notification. Ignoring timer registration for id: telemetry_modules_ping
1535138608896	geckodriver	INFO	geckodriver 0.21.0
1535138608902	geckodriver	INFO	Listening on 127.0.0.1:50361
1535138609911	mozrunner::runner	INFO	Running command: "/usr/bin/firefox" "-marionette" "-foreground" "-no-remote" "-profile" "/tmp/rust_mozprofile.xX33mfofxfvQ"
1535138612001	Marionette	INFO	Listening on port 45341
1535138612053	Marionette	WARN	TLS certificate errors will be ignored for this session
*** UTM:SVC TimerManager:registerTimer called after profile-before-change notification. Ignoring timer registration for id: telemetry_modules_ping
1535138639692	geckodriver	INFO	geckodriver 0.21.0
1535138639699	geckodriver	INFO	Listening on 127.0.0.1:59109
1535138640707	mozrunner::runner	INFO	Running command: "/usr/bin/firefox" "-marionette" "-foreground" "-no-remote" "-profile" "/tmp/rust_mozprofile.KOkblDzS0IJM"
1535138642990	Marionette	INFO	Listening on port 39601
1535138643041	Marionette	WARN	TLS certificate errors will be ignored for this session
1535138671758	geckodriver	INFO	geckodriver 0.21.0
1535138671764	geckodriver	INFO	Listening on 127.0.0.1:37505
1535138672775	mozrunner::runner	INFO	Running command: "/usr/bin/firefox" "-marionette" "-foreground" "-no-remote" "-profile" "/tmp/rust_mozprofile.moeJxREVx19L"
1535138675086	Marionette	INFO	Listening on port 32913
1535138675100	Marionette	WARN	TLS certificate errors will be ignored for this session
[Parent 5112, Gecko_IOThread] WARNING: pipe error (74): Conexión reinicializada por la máquina remota: file /build/firefox-oscv9o/firefox-61.0.1+build1/ipc/chromium/src/chrome/common/ipc_channel_posix.cc, line 353
*** UTM:SVC TimerManager:registerTimer called after profile-before-change notification. Ignoring timer registration for id: telemetry_modules_ping
*** UTM:SVC TimerManager:registerTimer called after profile-before-change notification. Ignoring timer registration for id: telemetry_modules_ping
1535138708298	geckodriver	INFO	geckodriver 0.21.0
1535138708302	geckodriver	INFO	Listening on 127.0.0.1:57421
1535138709310	mozrunner::runner	INFO	Running command: "/usr/bin/firefox" "-marionette" "-foreground" "-no-remote" "-profile" "/tmp/rust_mozprofile.46rtVkQbHFw0"
1535138711416	Marionette	INFO	Listening on port 36611
1535138711434	Marionette	WARN	TLS certificate errors will be ignored for this session
IPDL protocol error: Handler returned error code!

###!!! [Parent][DispatchAsyncMessage] Error: PLayerTransaction::Msg_ReleaseLayer Processing error: message was deserialized, but the handler returned false (indicating failure)

IPDL protocol error: Handler returned error code!

###!!! [Parent][DispatchAsyncMessage] Error: PLayerTransaction::Msg_ReleaseLayer Processing error: message was deserialized, but the handler returned false (indicating failure)

IPDL protocol error: Handler returned error code!

###!!! [Parent][DispatchAsyncMessage] Error: PLayerTransaction::Msg_ReleaseLayer Processing error: message was deserialized, but the handler returned false (indicating failure)

IPDL protocol error: Handler returned error code!

###!!! [Parent][DispatchAsyncMessage] Error: PLayerTransaction::Msg_ReleaseLayer Processing error: message was deserialized, but the handler returned false (indicating failure)

IPDL protocol error: Handler returned error code!

###!!! [Parent][DispatchAsyncMessage] Error: PLayerTransaction::Msg_ReleaseLayer Processing error: message was deserialized, but the handler returned false (indicating failure)

IPDL protocol error: Handler returned error code!

###!!! [Parent][DispatchAsyncMessage] Error: PLayerTransaction::Msg_ReleaseLayer Processing error: message was deserialized, but the handler returned false (indicating failure)


###!!! [Child][MessageChannel] Error: (msgtype=0x550027,name=PNecko::Msg_RemoveRequestContext) Channel closing: too late to send/recv, messages will be lost

[Child 5697, Chrome_ChildThread] WARNING: pipe error (3): Conexión reinicializada por la máquina remota: file /build/firefox-oscv9o/firefox-61.0.1+build1/ipc/chromium/src/chrome/common/ipc_channel_posix.cc, line 353

###!!! [Child][RunMessage] Error: Channel closing: too late to send/recv, messages will be lost


###!!! [Child][RunMessage] Error: Channel closing: too late to send/recv, messages will be lost

*** UTM:SVC TimerManager:registerTimer called after profile-before-change notification. Ignoring timer registration for id: telemetry_modules_ping
1535138739060	geckodriver	INFO	geckodriver 0.21.0
1535138739066	geckodriver	INFO	Listening on 127.0.0.1:40293
1535138740079	mozrunner::runner	INFO	Running command: "/usr/bin/firefox" "-marionette" "-foreground" "-no-remote" "-profile" "/tmp/rust_mozprofile.mV1MOJT4Gn3I"
1535138742176	Marionette	INFO	Listening on port 42641
1535138742228	Marionette	WARN	TLS certificate errors will be ignored for this session
*** UTM:SVC TimerManager:registerTimer called after profile-before-change notification. Ignoring timer registration for id: telemetry_modules_ping
1535138764322	geckodriver	INFO	geckodriver 0.21.0
1535138764326	geckodriver	INFO	Listening on 127.0.0.1:43073
1535138765339	mozrunner::runner	INFO	Running command: "/usr/bin/firefox" "-marionette" "-foreground" "-no-remote" "-profile" "/tmp/rust_mozprofile.N3eg4fvlS4LE"
1535138767778	Marionette	INFO	Listening on port 46015
1535138767874	Marionette	WARN	TLS certificate errors will be ignored for this session
*** UTM:SVC TimerManager:registerTimer called after profile-before-change notification. Ignoring timer registration for id: telemetry_modules_ping
1535138789510	geckodriver	INFO	geckodriver 0.21.0
1535138789515	geckodriver	INFO	Listening on 127.0.0.1:40463
1535138790528	mozrunner::runner	INFO	Running command: "/usr/bin/firefox" "-marionette" "-foreground" "-no-remote" "-profile" "/tmp/rust_mozprofile.V3yUkMwTCTYa"
1535138792895	Marionette	INFO	Listening on port 45411
1535138792947	Marionette	WARN	TLS certificate errors will be ignored for this session
*** UTM:SVC TimerManager:registerTimer called after profile-before-change notification. Ignoring timer registration for id: telemetry_modules_ping
1535138819211	geckodriver	INFO	geckodriver 0.21.0
1535138819216	geckodriver	INFO	Listening on 127.0.0.1:42831
1535138820231	mozrunner::runner	INFO	Running command: "/usr/bin/firefox" "-marionette" "-foreground" "-no-remote" "-profile" "/tmp/rust_mozprofile.u4Tj8ZKSrIex"
1535138822682	Marionette	INFO	Listening on port 40745
1535138822780	Marionette	WARN	TLS certificate errors will be ignored for this session
*** UTM:SVC TimerManager:registerTimer called after profile-before-change notification. Ignoring timer registration for id: telemetry_modules_ping
1535138848067	geckodriver	INFO	geckodriver 0.21.0
1535138848071	geckodriver	INFO	Listening on 127.0.0.1:52433
1535138849081	mozrunner::runner	INFO	Running command: "/usr/bin/firefox" "-marionette" "-foreground" "-no-remote" "-profile" "/tmp/rust_mozprofile.0uhtDijR2Qg8"
1535138851746	Marionette	INFO	Listening on port 44955
1535138851808	Marionette	WARN	TLS certificate errors will be ignored for this session
*** UTM:SVC TimerManager:registerTimer called after profile-before-change notification. Ignoring timer registration for id: telemetry_modules_ping
1535138876375	geckodriver	INFO	geckodriver 0.21.0
1535138876382	geckodriver	INFO	Listening on 127.0.0.1:40153
1535138877396	mozrunner::runner	INFO	Running command: "/usr/bin/firefox" "-marionette" "-foreground" "-no-remote" "-profile" "/tmp/rust_mozprofile.32oglqxvvsDB"
1535138879930	Marionette	INFO	Listening on port 41979
1535138880059	Marionette	WARN	TLS certificate errors will be ignored for this session

###!!! [Child][RunMessage] Error: Channel closing: too late to send/recv, messages will be lost

[Child 7174, Chrome_ChildThread] WARNING: pipe error (3): Conexión reinicializada por la máquina remota: file /build/firefox-oscv9o/firefox-61.0.1+build1/ipc/chromium/src/chrome/common/ipc_channel_posix.cc, line 353

###!!! [Child][RunMessage] Error: Channel closing: too late to send/recv, messages will be lost


###!!! [Child][RunMessage] Error: Channel closing: too late to send/recv, messages will be lost

*** UTM:SVC TimerManager:registerTimer called after profile-before-change notification. Ignoring timer registration for id: telemetry_modules_ping
1535138898395	geckodriver	INFO	geckodriver 0.21.0
1535138898402	geckodriver	INFO	Listening on 127.0.0.1:36539
1535138899416	mozrunner::runner	INFO	Running command: "/usr/bin/firefox" "-marionette" "-foreground" "-no-remote" "-profile" "/tmp/rust_mozprofile.JLIg1nIt6dl0"
1535138902057	Marionette	INFO	Listening on port 45493
1535138902159	Marionette	WARN	TLS certificate errors will be ignored for this session
*** UTM:SVC TimerManager:registerTimer called after profile-before-change notification. Ignoring timer registration for id: telemetry_modules_ping
1535142662484	geckodriver	INFO	geckodriver 0.21.0
1535142662488	geckodriver	INFO	Listening on 127.0.0.1:45913
1535142663502	mozrunner::runner	INFO	Running command: "/usr/bin/firefox" "-marionette" "-foreground" "-no-remote" "-profile" "/tmp/rust_mozprofile.exKrDq6PsNDV"
1535142665154	Marionette	INFO	Listening on port 43849
1535142665215	Marionette	WARN	TLS certificate errors will be ignored for this session
*** UTM:SVC TimerManager:registerTimer called after profile-before-change notification. Ignoring timer registration for id: telemetry_modules_ping
1535142692788	geckodriver	INFO	geckodriver 0.21.0
1535142692793	geckodriver	INFO	Listening on 127.0.0.1:51503
1535142693807	mozrunner::runner	INFO	Running command: "/usr/bin/firefox" "-marionette" "-foreground" "-no-remote" "-profile" "/tmp/rust_mozprofile.tkeTRCSGTzUP"
1535142695656	Marionette	INFO	Listening on port 38505
1535142695720	Marionette	WARN	TLS certificate errors will be ignored for this session
[Parent 8073, Gecko_IOThread] WARNING: pipe error (65): Conexión reinicializada por la máquina remota: file /build/firefox-oscv9o/firefox-61.0.1+build1/ipc/chromium/src/chrome/common/ipc_channel_posix.cc, line 353
*** UTM:SVC TimerManager:registerTimer called after profile-before-change notification. Ignoring timer registration for id: telemetry_modules_ping
1535142717128	geckodriver	INFO	geckodriver 0.21.0
1535142717132	geckodriver	INFO	Listening on 127.0.0.1:51365
1535142718146	mozrunner::runner	INFO	Running command: "/usr/bin/firefox" "-marionette" "-foreground" "-no-remote" "-profile" "/tmp/rust_mozprofile.QKXydz6F9ZIn"
1535142719891	Marionette	INFO	Listening on port 33405
1535142719956	Marionette	WARN	TLS certificate errors will be ignored for this session
*** UTM:SVC TimerManager:registerTimer called after profile-before-change notification. Ignoring timer registration for id: telemetry_modules_ping
1535142747915	geckodriver	INFO	geckodriver 0.21.0
1535142747919	geckodriver	INFO	Listening on 127.0.0.1:36251
1535142748932	mozrunner::runner	INFO	Running command: "/usr/bin/firefox" "-marionette" "-foreground" "-no-remote" "-profile" "/tmp/rust_mozprofile.XW76VSKFp96O"
1535142750523	Marionette	INFO	Listening on port 42841
1535142750557	Marionette	WARN	TLS certificate errors will be ignored for this session
*** UTM:SVC TimerManager:registerTimer called after profile-before-change notification. Ignoring timer registration for id: telemetry_modules_ping
1535142825589	geckodriver	INFO	geckodriver 0.21.0
1535142825594	geckodriver	INFO	Listening on 127.0.0.1:41163
1535142826608	mozrunner::runner	INFO	Running command: "/usr/bin/firefox" "-marionette" "-foreground" "-no-remote" "-profile" "/tmp/rust_mozprofile.VZVJJCVRr2Rh"
1535142828229	Marionette	INFO	Listening on port 38041
1535142828317	Marionette	WARN	TLS certificate errors will be ignored for this session
1535142895905	geckodriver	INFO	geckodriver 0.21.0
1535142895913	geckodriver	INFO	Listening on 127.0.0.1:56017
1535142896920	mozrunner::runner	INFO	Running command: "/usr/bin/firefox" "-marionette" "-foreground" "-no-remote" "-profile" "/tmp/rust_mozprofile.W6O3WoYfNUkB"
1535142898602	Marionette	INFO	Listening on port 37723
1535142898638	Marionette	WARN	TLS certificate errors will be ignored for this session
[Parent 9164, Gecko_IOThread] WARNING: pipe error (74): Conexión reinicializada por la máquina remota: file /build/firefox-oscv9o/firefox-61.0.1+build1/ipc/chromium/src/chrome/common/ipc_channel_posix.cc, line 353
*** UTM:SVC TimerManager:registerTimer called after profile-before-change notification. Ignoring timer registration for id: telemetry_modules_ping
1535143450999	geckodriver	INFO	geckodriver 0.21.0
1535143451004	geckodriver	INFO	Listening on 127.0.0.1:37633
1535143452021	mozrunner::runner	INFO	Running command: "/usr/bin/firefox" "-marionette" "-foreground" "-no-remote" "-profile" "/tmp/rust_mozprofile.kzVeb3nxm9Vh"
1535143454234	Marionette	INFO	Listening on port 35269
1535143454336	Marionette	WARN	TLS certificate errors will be ignored for this session
1535143497519	geckodriver	INFO	geckodriver 0.21.0
1535143497524	geckodriver	INFO	Listening on 127.0.0.1:32915
1535143498533	mozrunner::runner	INFO	Running command: "/usr/bin/firefox" "-marionette" "-foreground" "-no-remote" "-profile" "/tmp/rust_mozprofile.VgM58eyPPqWC"
1535143500734	Marionette	INFO	Listening on port 37709
1535143500754	Marionette	WARN	TLS certificate errors will be ignored for this session
1535143539089	geckodriver	INFO	geckodriver 0.21.0
1535143539093	geckodriver	INFO	Listening on 127.0.0.1:59185
1535143540106	mozrunner::runner	INFO	Running command: "/usr/bin/firefox" "-marionette" "-foreground" "-no-remote" "-profile" "/tmp/rust_mozprofile.fK1oiYEZJfFC"
1535143542236	Marionette	INFO	Listening on port 36557
1535143542348	Marionette	WARN	TLS certificate errors will be ignored for this session
1535143573510	geckodriver	INFO	geckodriver 0.21.0
1535143573516	geckodriver	INFO	Listening on 127.0.0.1:34281
1535143574521	mozrunner::runner	INFO	Running command: "/usr/bin/firefox" "-marionette" "-foreground" "-no-remote" "-profile" "/tmp/rust_mozprofile.KzyQalQXSxjE"
1535143576717	Marionette	INFO	Listening on port 44519
1535143576742	Marionette	WARN	TLS certificate errors will be ignored for this session
[Parent 10312, Gecko_IOThread] WARNING: pipe error (74): Conexión reinicializada por la máquina remota: file /build/firefox-oscv9o/firefox-61.0.1+build1/ipc/chromium/src/chrome/common/ipc_channel_posix.cc, line 353
*** UTM:SVC TimerManager:registerTimer called after profile-before-change notification. Ignoring timer registration for id: telemetry_modules_ping
*** UTM:SVC TimerManager:registerTimer called after profile-before-change notification. Ignoring timer registration for id: telemetry_modules_ping
1535143591375	geckodriver	INFO	geckodriver 0.21.0
1535143591379	geckodriver	INFO	Listening on 127.0.0.1:44843
1535143592392	mozrunner::runner	INFO	Running command: "/usr/bin/firefox" "-marionette" "-foreground" "-no-remote" "-profile" "/tmp/rust_mozprofile.BtMh5O3vXFao"
1535143594443	Marionette	INFO	Listening on port 34325
1535143594520	Marionette	WARN	TLS certificate errors will be ignored for this session
1535143616724	geckodriver	INFO	geckodriver 0.21.0
1535143616730	geckodriver	INFO	Listening on 127.0.0.1:41989
1535143617743	mozrunner::runner	INFO	Running command: "/usr/bin/firefox" "-marionette" "-foreground" "-no-remote" "-profile" "/tmp/rust_mozprofile.YqwVoharLEvw"
1535143620457	Marionette	INFO	Listening on port 41149
1535143620618	Marionette	WARN	TLS certificate errors will be ignored for this session
[Parent 11029, Gecko_IOThread] WARNING: pipe error (74): Conexión reinicializada por la máquina remota: file /build/firefox-oscv9o/firefox-61.0.1+build1/ipc/chromium/src/chrome/common/ipc_channel_posix.cc, line 353
*** UTM:SVC TimerManager:registerTimer called after profile-before-change notification. Ignoring timer registration for id: telemetry_modules_ping
1535143648537	geckodriver	INFO	geckodriver 0.21.0
1535143648541	geckodriver	INFO	Listening on 127.0.0.1:58215
1535143649550	mozrunner::runner	INFO	Running command: "/usr/bin/firefox" "-marionette" "-foreground" "-no-remote" "-profile" "/tmp/rust_mozprofile.i2PsBCnxPnmw"
1535143651474	Marionette	INFO	Listening on port 34305
1535143651565	Marionette	WARN	TLS certificate errors will be ignored for this session
*** UTM:SVC TimerManager:registerTimer called after profile-before-change notification. Ignoring timer registration for id: telemetry_modules_ping
1535143674811	geckodriver	INFO	geckodriver 0.21.0
1535143674818	geckodriver	INFO	Listening on 127.0.0.1:60361
1535143675821	mozrunner::runner	INFO	Running command: "/usr/bin/firefox" "-marionette" "-foreground" "-no-remote" "-profile" "/tmp/rust_mozprofile.tncyVUzIIymT"
1535143677856	Marionette	INFO	Listening on port 44679
1535143677974	Marionette	WARN	TLS certificate errors will be ignored for this session
1535143768412	geckodriver	INFO	geckodriver 0.21.0
1535143768417	geckodriver	INFO	Listening on 127.0.0.1:52745
1535143769430	mozrunner::runner	INFO	Running command: "/usr/bin/firefox" "-marionette" "-foreground" "-no-remote" "-profile" "/tmp/rust_mozprofile.hMtbEyNx3zXV"
1535143771439	Marionette	INFO	Listening on port 37269
1535143771446	Marionette	WARN	TLS certificate errors will be ignored for this session
*** UTM:SVC TimerManager:registerTimer called after profile-before-change notification. Ignoring timer registration for id: telemetry_modules_ping
1535143788867	geckodriver	INFO	geckodriver 0.21.0
1535143788873	geckodriver	INFO	Listening on 127.0.0.1:52609
1535143789877	mozrunner::runner	INFO	Running command: "/usr/bin/firefox" "-marionette" "-foreground" "-no-remote" "-profile" "/tmp/rust_mozprofile.adS8bVdckGKo"
1535143792556	Marionette	INFO	Listening on port 35839
1535143792617	Marionette	WARN	TLS certificate errors will be ignored for this session
1535143820027	geckodriver	INFO	geckodriver 0.21.0
1535143820032	geckodriver	INFO	Listening on 127.0.0.1:39773
1535143821043	mozrunner::runner	INFO	Running command: "/usr/bin/firefox" "-marionette" "-foreground" "-no-remote" "-profile" "/tmp/rust_mozprofile.jKQtDknZXuI5"
1535143823233	Marionette	INFO	Listening on port 43071
1535143823260	Marionette	WARN	TLS certificate errors will be ignored for this session
1535143844861	geckodriver	INFO	geckodriver 0.21.0
1535143844865	geckodriver	INFO	Listening on 127.0.0.1:42303
1535143845876	mozrunner::runner	INFO	Running command: "/usr/bin/firefox" "-marionette" "-foreground" "-no-remote" "-profile" "/tmp/rust_mozprofile.6CEAT2xbflyJ"
1535143848045	Marionette	INFO	Listening on port 46119
1535143848109	Marionette	WARN	TLS certificate errors will be ignored for this session
[Parent 11993, Gecko_IOThread] WARNING: pipe error (60): Conexión reinicializada por la máquina remota: file /build/firefox-oscv9o/firefox-61.0.1+build1/ipc/chromium/src/chrome/common/ipc_channel_posix.cc, line 353
[Parent 12222, Gecko_IOThread] WARNING: pipe error (74): Conexión reinicializada por la máquina remota: file /build/firefox-oscv9o/firefox-61.0.1+build1/ipc/chromium/src/chrome/common/ipc_channel_posix.cc, line 353
*** UTM:SVC TimerManager:registerTimer called after profile-before-change notification. Ignoring timer registration for id: telemetry_modules_ping
*** UTM:SVC TimerManager:registerTimer called after profile-before-change notification. Ignoring timer registration for id: telemetry_modules_ping
1535143884668	geckodriver	INFO	geckodriver 0.21.0
1535143884697	geckodriver	INFO	Listening on 127.0.0.1:56191
1535143885710	mozrunner::runner	INFO	Running command: "/usr/bin/firefox" "-marionette" "-foreground" "-no-remote" "-profile" "/tmp/rust_mozprofile.4ZwwbR1gZdsG"
1535143887938	Marionette	INFO	Listening on port 37159
1535143888031	Marionette	WARN	TLS certificate errors will be ignored for this session
*** UTM:SVC TimerManager:registerTimer called after profile-before-change notification. Ignoring timer registration for id: telemetry_modules_ping
1535143899896	geckodriver	INFO	geckodriver 0.21.0
1535143899901	geckodriver	INFO	Listening on 127.0.0.1:39941
1535143900913	mozrunner::runner	INFO	Running command: "/usr/bin/firefox" "-marionette" "-foreground" "-no-remote" "-profile" "/tmp/rust_mozprofile.5m9HqDrnrrIJ"
1535143903481	Marionette	INFO	Listening on port 38495
1535143903529	Marionette	WARN	TLS certificate errors will be ignored for this session
*** UTM:SVC TimerManager:registerTimer called after profile-before-change notification. Ignoring timer registration for id: telemetry_modules_ping
1535143926649	geckodriver	INFO	geckodriver 0.21.0
1535143926655	geckodriver	INFO	Listening on 127.0.0.1:45585
1535143927668	mozrunner::runner	INFO	Running command: "/usr/bin/firefox" "-marionette" "-foreground" "-no-remote" "-profile" "/tmp/rust_mozprofile.LmKY0IS5Ueto"
1535143929931	Marionette	INFO	Listening on port 39077
1535143930015	Marionette	WARN	TLS certificate errors will be ignored for this session
*** UTM:SVC TimerManager:registerTimer called after profile-before-change notification. Ignoring timer registration for id: telemetry_modules_ping
1535143952445	geckodriver	INFO	geckodriver 0.21.0
1535143952452	geckodriver	INFO	Listening on 127.0.0.1:40809
1535143953462	mozrunner::runner	INFO	Running command: "/usr/bin/firefox" "-marionette" "-foreground" "-no-remote" "-profile" "/tmp/rust_mozprofile.jFtzGnzNdani"
1535143955442	Marionette	INFO	Listening on port 39761
1535143955497	Marionette	WARN	TLS certificate errors will be ignored for this session
*** UTM:SVC TimerManager:registerTimer called after profile-before-change notification. Ignoring timer registration for id: telemetry_modules_ping
1535143967377	geckodriver	INFO	geckodriver 0.21.0
1535143967381	geckodriver	INFO	Listening on 127.0.0.1:50475
1535143968392	mozrunner::runner	INFO	Running command: "/usr/bin/firefox" "-marionette" "-foreground" "-no-remote" "-profile" "/tmp/rust_mozprofile.l0PBQgOdoo5o"
1535143970609	Marionette	INFO	Listening on port 38671
1535143970748	Marionette	WARN	TLS certificate errors will be ignored for this session
*** UTM:SVC TimerManager:registerTimer called after profile-before-change notification. Ignoring timer registration for id: telemetry_modules_ping
1535143980859	geckodriver	INFO	geckodriver 0.21.0
1535143980862	geckodriver	INFO	Listening on 127.0.0.1:36571
1535143981867	mozrunner::runner	INFO	Running command: "/usr/bin/firefox" "-marionette" "-foreground" "-no-remote" "-profile" "/tmp/rust_mozprofile.0vS61o8M90Ky"
1535143984034	Marionette	INFO	Listening on port 42195
1535143984099	Marionette	WARN	TLS certificate errors will be ignored for this session
*** UTM:SVC TimerManager:registerTimer called after profile-before-change notification. Ignoring timer registration for id: telemetry_modules_ping
1535144012500	geckodriver	INFO	geckodriver 0.21.0
1535144012505	geckodriver	INFO	Listening on 127.0.0.1:33973
1535144013518	mozrunner::runner	INFO	Running command: "/usr/bin/firefox" "-marionette" "-foreground" "-no-remote" "-profile" "/tmp/rust_mozprofile.UPRi43PXXOhN"
1535144015628	Marionette	INFO	Listening on port 35893
1535144015765	Marionette	WARN	TLS certificate errors will be ignored for this session
*** UTM:SVC TimerManager:registerTimer called after profile-before-change notification. Ignoring timer registration for id: telemetry_modules_ping
1535144032840	geckodriver	INFO	geckodriver 0.21.0
1535144032844	geckodriver	INFO	Listening on 127.0.0.1:47381
1535144033858	mozrunner::runner	INFO	Running command: "/usr/bin/firefox" "-marionette" "-foreground" "-no-remote" "-profile" "/tmp/rust_mozprofile.2EdlB7tq1Z3p"
1535144036007	Marionette	INFO	Listening on port 35407
1535144036113	Marionette	WARN	TLS certificate errors will be ignored for this session
*** UTM:SVC TimerManager:registerTimer called after profile-before-change notification. Ignoring timer registration for id: telemetry_modules_ping
1535144050773	geckodriver	INFO	geckodriver 0.21.0
1535144050779	geckodriver	INFO	Listening on 127.0.0.1:40153
1535144051791	mozrunner::runner	INFO	Running command: "/usr/bin/firefox" "-marionette" "-foreground" "-no-remote" "-profile" "/tmp/rust_mozprofile.LGFBoBudZCtf"
1535144053976	Marionette	INFO	Listening on port 46397
1535144054038	Marionette	WARN	TLS certificate errors will be ignored for this session
*** UTM:SVC TimerManager:registerTimer called after profile-before-change notification. Ignoring timer registration for id: telemetry_modules_ping
1535144068952	geckodriver	INFO	geckodriver 0.21.0
1535144068957	geckodriver	INFO	Listening on 127.0.0.1:54341
1535144069972	mozrunner::runner	INFO	Running command: "/usr/bin/firefox" "-marionette" "-foreground" "-no-remote" "-profile" "/tmp/rust_mozprofile.0A2tTkyHa5dN"
1535144072145	Marionette	INFO	Listening on port 36713
1535144072193	Marionette	WARN	TLS certificate errors will be ignored for this session
*** UTM:SVC TimerManager:registerTimer called after profile-before-change notification. Ignoring timer registration for id: telemetry_modules_ping
1535144096904	geckodriver	INFO	geckodriver 0.21.0
1535144096909	geckodriver	INFO	Listening on 127.0.0.1:43253
1535144097913	mozrunner::runner	INFO	Running command: "/usr/bin/firefox" "-marionette" "-foreground" "-no-remote" "-profile" "/tmp/rust_mozprofile.XG5Xmd7bzUUg"
1535144099900	Marionette	INFO	Listening on port 44425
1535144099978	Marionette	WARN	TLS certificate errors will be ignored for this session
*** UTM:SVC TimerManager:registerTimer called after profile-before-change notification. Ignoring timer registration for id: telemetry_modules_ping
1535144118437	geckodriver	INFO	geckodriver 0.21.0
1535144118441	geckodriver	INFO	Listening on 127.0.0.1:52307
1535144119452	mozrunner::runner	INFO	Running command: "/usr/bin/firefox" "-marionette" "-foreground" "-no-remote" "-profile" "/tmp/rust_mozprofile.bvpBr2cuXhC3"
1535144121740	Marionette	INFO	Listening on port 38635
1535144121782	Marionette	WARN	TLS certificate errors will be ignored for this session
*** UTM:SVC TimerManager:registerTimer called after profile-before-change notification. Ignoring timer registration for id: telemetry_modules_ping
1535144147117	geckodriver	INFO	geckodriver 0.21.0
1535144147121	geckodriver	INFO	Listening on 127.0.0.1:39681
1535144148134	mozrunner::runner	INFO	Running command: "/usr/bin/firefox" "-marionette" "-foreground" "-no-remote" "-profile" "/tmp/rust_mozprofile.EQnbhk1dJMqI"
1535144150475	Marionette	INFO	Listening on port 37979
1535144150564	Marionette	WARN	TLS certificate errors will be ignored for this session
*** UTM:SVC TimerManager:registerTimer called after profile-before-change notification. Ignoring timer registration for id: telemetry_modules_ping
1535144175221	geckodriver	INFO	geckodriver 0.21.0
1535144175227	geckodriver	INFO	Listening on 127.0.0.1:40605
1535144176242	mozrunner::runner	INFO	Running command: "/usr/bin/firefox" "-marionette" "-foreground" "-no-remote" "-profile" "/tmp/rust_mozprofile.Mm3b3kNijXKH"
1535144178392	Marionette	INFO	Listening on port 45235
1535144178462	Marionette	WARN	TLS certificate errors will be ignored for this session
*** UTM:SVC TimerManager:registerTimer called after profile-before-change notification. Ignoring timer registration for id: telemetry_modules_ping
1535144201544	geckodriver	INFO	geckodriver 0.21.0
1535144201549	geckodriver	INFO	Listening on 127.0.0.1:53193
1535144202559	mozrunner::runner	INFO	Running command: "/usr/bin/firefox" "-marionette" "-foreground" "-no-remote" "-profile" "/tmp/rust_mozprofile.afyUMdV1RO0R"
1535144204910	Marionette	INFO	Listening on port 41749
1535144204999	Marionette	WARN	TLS certificate errors will be ignored for this session
*** UTM:SVC TimerManager:registerTimer called after profile-before-change notification. Ignoring timer registration for id: telemetry_modules_ping
1535144217164	geckodriver	INFO	geckodriver 0.21.0
1535144217168	geckodriver	INFO	Listening on 127.0.0.1:45647
1535144218182	mozrunner::runner	INFO	Running command: "/usr/bin/firefox" "-marionette" "-foreground" "-no-remote" "-profile" "/tmp/rust_mozprofile.s91JBqPSlAyH"
1535144220497	Marionette	INFO	Listening on port 46799
1535144220645	Marionette	WARN	TLS certificate errors will be ignored for this session
[Parent 16279, Gecko_IOThread] WARNING: pipe error (74): Conexión reinicializada por la máquina remota: file /build/firefox-oscv9o/firefox-61.0.1+build1/ipc/chromium/src/chrome/common/ipc_channel_posix.cc, line 353
*** UTM:SVC TimerManager:registerTimer called after profile-before-change notification. Ignoring timer registration for id: telemetry_modules_ping
1535144230142	geckodriver	INFO	geckodriver 0.21.0
1535144230151	geckodriver	INFO	Listening on 127.0.0.1:57987
1535144231150	mozrunner::runner	INFO	Running command: "/usr/bin/firefox" "-marionette" "-foreground" "-no-remote" "-profile" "/tmp/rust_mozprofile.2snxdaQUO9BY"
1535144234057	Marionette	INFO	Listening on port 46661
1535144234080	Marionette	WARN	TLS certificate errors will be ignored for this session
*** UTM:SVC TimerManager:registerTimer called after profile-before-change notification. Ignoring timer registration for id: telemetry_modules_ping
1535144286000	geckodriver	INFO	geckodriver 0.21.0
1535144286005	geckodriver	INFO	Listening on 127.0.0.1:54859
1535144287016	mozrunner::runner	INFO	Running command: "/usr/bin/firefox" "-marionette" "-foreground" "-no-remote" "-profile" "/tmp/rust_mozprofile.JTyw7Io4thuA"
1535144288980	Marionette	INFO	Listening on port 39935
1535144289042	Marionette	WARN	TLS certificate errors will be ignored for this session
*** UTM:SVC TimerManager:registerTimer called after profile-before-change notification. Ignoring timer registration for id: telemetry_modules_ping
1535144312396	geckodriver	INFO	geckodriver 0.21.0
1535144312400	geckodriver	INFO	Listening on 127.0.0.1:58341
1535144313418	mozrunner::runner	INFO	Running command: "/usr/bin/firefox" "-marionette" "-foreground" "-no-remote" "-profile" "/tmp/rust_mozprofile.OGjNOAr53mXq"
1535144315611	Marionette	INFO	Listening on port 39679
1535144315655	Marionette	WARN	TLS certificate errors will be ignored for this session
*** UTM:SVC TimerManager:registerTimer called after profile-before-change notification. Ignoring timer registration for id: telemetry_modules_ping
1535144332886	geckodriver	INFO	geckodriver 0.21.0
1535144332894	geckodriver	INFO	Listening on 127.0.0.1:33657
1535144333913	mozrunner::runner	INFO	Running command: "/usr/bin/firefox" "-marionette" "-foreground" "-no-remote" "-profile" "/tmp/rust_mozprofile.0DXCywwUlAGB"
1535144336199	Marionette	INFO	Listening on port 36703
1535144336247	Marionette	WARN	TLS certificate errors will be ignored for this session
*** UTM:SVC TimerManager:registerTimer called after profile-before-change notification. Ignoring timer registration for id: telemetry_modules_ping
Invalid port. Exiting...
1535144435754	geckodriver	INFO	geckodriver 0.21.0
1535144435762	geckodriver	INFO	Listening on 127.0.0.1:59839
1535144436776	mozrunner::runner	INFO	Running command: "/usr/bin/firefox" "-marionette" "-foreground" "-no-remote" "-profile" "/tmp/rust_mozprofile.QGqTB9B1jXBT"
1535144438766	Marionette	INFO	Listening on port 42281
1535144438802	Marionette	WARN	TLS certificate errors will be ignored for this session
*** UTM:SVC TimerManager:registerTimer called after profile-before-change notification. Ignoring timer registration for id: telemetry_modules_ping
1535144472536	geckodriver	INFO	geckodriver 0.21.0
1535144472541	geckodriver	INFO	Listening on 127.0.0.1:48635
1535144473553	mozrunner::runner	INFO	Running command: "/usr/bin/firefox" "-marionette" "-foreground" "-no-remote" "-profile" "/tmp/rust_mozprofile.fFbaJLvBxzWZ"
1535144475581	Marionette	INFO	Listening on port 46727
1535144475668	Marionette	WARN	TLS certificate errors will be ignored for this session
*** UTM:SVC TimerManager:registerTimer called after profile-before-change notification. Ignoring timer registration for id: telemetry_modules_ping
1535144485832	geckodriver	INFO	geckodriver 0.21.0
1535144485837	geckodriver	INFO	Listening on 127.0.0.1:57641
1535144486848	mozrunner::runner	INFO	Running command: "/usr/bin/firefox" "-marionette" "-foreground" "-no-remote" "-profile" "/tmp/rust_mozprofile.MFgfzNAwyj1G"
1535144489064	Marionette	INFO	Listening on port 40549
1535144489173	Marionette	WARN	TLS certificate errors will be ignored for this session
*** UTM:SVC TimerManager:registerTimer called after profile-before-change notification. Ignoring timer registration for id: telemetry_modules_ping
1535144526866	geckodriver	INFO	geckodriver 0.21.0
1535144526870	geckodriver	INFO	Listening on 127.0.0.1:44521
1535144527883	mozrunner::runner	INFO	Running command: "/usr/bin/firefox" "-marionette" "-foreground" "-no-remote" "-profile" "/tmp/rust_mozprofile.2Foy7FrZqOOe"
1535144530304	Marionette	INFO	Listening on port 35921
1535144530437	Marionette	WARN	TLS certificate errors will be ignored for this session
*** UTM:SVC TimerManager:registerTimer called after profile-before-change notification. Ignoring timer registration for id: telemetry_modules_ping
1535144600044	geckodriver	INFO	geckodriver 0.21.0
1535144600048	geckodriver	INFO	Listening on 127.0.0.1:41575
1535144601064	mozrunner::runner	INFO	Running command: "/usr/bin/firefox" "-marionette" "-foreground" "-no-remote" "-profile" "/tmp/rust_mozprofile.BlmXCZRGdzPf"
1535144603177	Marionette	INFO	Listening on port 45463
1535144603285	Marionette	WARN	TLS certificate errors will be ignored for this session
*** UTM:SVC TimerManager:registerTimer called after profile-before-change notification. Ignoring timer registration for id: telemetry_modules_ping
1535144660585	geckodriver	INFO	geckodriver 0.21.0
1535144660588	geckodriver	INFO	Listening on 127.0.0.1:50471
1535144661600	mozrunner::runner	INFO	Running command: "/usr/bin/firefox" "-marionette" "-foreground" "-no-remote" "-profile" "/tmp/rust_mozprofile.3whUyKLc4cAV"
1535144663291	Marionette	INFO	Listening on port 39409
1535144663315	Marionette	WARN	TLS certificate errors will be ignored for this session
*** UTM:SVC TimerManager:registerTimer called after profile-before-change notification. Ignoring timer registration for id: telemetry_modules_ping
1535144685601	geckodriver	INFO	geckodriver 0.21.0
1535144685605	geckodriver	INFO	Listening on 127.0.0.1:46087
1535144686619	mozrunner::runner	INFO	Running command: "/usr/bin/firefox" "-marionette" "-foreground" "-no-remote" "-profile" "/tmp/rust_mozprofile.DSYOjXl5jJuX"
1535144688264	Marionette	INFO	Listening on port 36407
1535144688345	Marionette	WARN	TLS certificate errors will be ignored for this session
*** UTM:SVC TimerManager:registerTimer called after profile-before-change notification. Ignoring timer registration for id: telemetry_modules_ping
